<?xml version="1.0" encoding="UTF-8"?>
<!-- Generated by org.testng.reporters.JUnitReportReporter -->
<testsuite hostname="DESKTOP-1HICKEJ" failures="0" tests="2" name="e2EProject.FormValidationTest" time="6.652" errors="0" timestamp="2020-09-05T11:50:00 CEST" skipped="0">
  <testcase classname="e2EProject.FormValidationTest" name="ValidationCheckLogin" time="1.859"/>
  <system-out/>
  <testcase classname="e2EProject.FormValidationTest" name="RequiredFieldCheck" time="4.793"/>
  <system-out/>
</testsuite> <!-- e2EProject.FormValidationTest -->
