<?xml version="1.0" encoding="UTF-8"?>
<!-- Generated by org.testng.reporters.JUnitReportReporter -->
<testsuite hostname="DESKTOP-1HICKEJ" failures="0" tests="1" name="e2EProject.SalesPageTest" time="9.536" errors="0" timestamp="2020-09-05T11:49:18 CEST" skipped="0">
  <testcase classname="e2EProject.SalesPageTest" name="FilterChck" time="9.536"/>
  <system-out/>
</testsuite> <!-- e2EProject.SalesPageTest -->
