<?xml version="1.0" encoding="UTF-8"?>
<!-- Generated by org.testng.reporters.JUnitReportReporter -->
<testsuite hostname="DESKTOP-1HICKEJ" failures="0" tests="1" name="e2EProject.SalesPageTest" time="7.517" errors="0" timestamp="05 Sep 2020 13:24:39 GMT" skipped="0">
  <testcase classname="e2EProject.SalesPageTest" name="FilterChck" time="7.517"/>
</testsuite> <!-- e2EProject.SalesPageTest -->
