<?xml version="1.0" encoding="UTF-8"?>
<!-- Generated by org.testng.reporters.JUnitReportReporter -->
<testsuite hostname="DESKTOP-1HICKEJ" failures="0" tests="2" name="e2EProject.FormValidationTest" time="7.023" errors="0" timestamp="05 Sep 2020 13:24:39 GMT" skipped="0">
  <testcase classname="e2EProject.FormValidationTest" name="ValidationCheckLogin" time="2.164"/>
  <testcase classname="e2EProject.FormValidationTest" name="RequiredFieldCheck" time="4.859"/>
</testsuite> <!-- e2EProject.FormValidationTest -->
